{"C:\\Users\\Danel\\Desktop\\42i challenge\\task-system\\backend\\src\\app.module.ts": {"path":"C:\\Users\\Danel\\Desktop\\42i challenge\\task-system\\backend\\src\\app.module.ts","statementMap":{"0":{"start":{"line":1,"column":0},"end":{"line":1,"column":40}},"1":{"start":{"line":2,"column":0},"end":{"line":2,"column":48}},"2":{"start":{"line":3,"column":0},"end":{"line":3,"column":37}},"3":{"start":{"line":4,"column":0},"end":{"line":4,"column":51}},"4":{"start":{"line":5,"column":0},"end":{"line":5,"column":46}},"5":{"start":{"line":14,"column":7},"end":{"line":14,"column":null}},"6":{"start":{"line":14,"column":13},"end":{"line":14,"column":22}},"7":{"start":{"line":14,"column":13},"end":{"line":14,"column":null}}},"fnMap":{},"branchMap":{},"s":{"0":0,"1":0,"2":0,"3":0,"4":0,"5":0,"6":0,"7":0},"f":{},"b":{}}
,"C:\\Users\\Danel\\Desktop\\42i challenge\\task-system\\backend\\src\\main.ts": {"path":"C:\\Users\\Danel\\Desktop\\42i challenge\\task-system\\backend\\src\\main.ts","statementMap":{"0":{"start":{"line":1,"column":0},"end":{"line":1,"column":48}},"1":{"start":{"line":2,"column":0},"end":{"line":2,"column":43}},"2":{"start":{"line":3,"column":0},"end":{"line":3,"column":41}},"3":{"start":{"line":4,"column":0},"end":{"line":4,"column":77}},"4":{"start":{"line":5,"column":0},"end":{"line":5,"column":47}},"5":{"start":{"line":8,"column":14},"end":{"line":8,"column":65}},"6":{"start":{"line":9,"column":17},"end":{"line":9,"column":39}},"7":{"start":{"line":11,"column":15},"end":{"line":11,"column":49}},"8":{"start":{"line":12,"column":17},"end":{"line":12,"column":58}},"9":{"start":{"line":14,"column":2},"end":{"line":14,"column":19}},"10":{"start":{"line":15,"column":2},"end":{"line":15,"column":79}},"11":{"start":{"line":16,"column":2},"end":{"line":16,"column":50}},"12":{"start":{"line":17,"column":2},"end":{"line":17,"column":30}},"13":{"start":{"line":19,"column":2},"end":{"line":19,"column":25}},"14":{"start":{"line":20,"column":2},"end":{"line":20,"column":73}},"15":{"start":{"line":22,"column":0},"end":{"line":22,"column":12}}},"fnMap":{"0":{"name":"bootstrap","decl":{"start":{"line":7,"column":15},"end":{"line":7,"column":24}},"loc":{"start":{"line":7,"column":24},"end":{"line":21,"column":1}}}},"branchMap":{"0":{"loc":{"start":{"line":11,"column":15},"end":{"line":11,"column":49}},"type":"binary-expr","locations":[{"start":{"line":11,"column":15},"end":{"line":11,"column":41}},{"start":{"line":11,"column":45},"end":{"line":11,"column":49}}]},"1":{"loc":{"start":{"line":12,"column":17},"end":{"line":12,"column":58}},"type":"binary-expr","locations":[{"start":{"line":12,"column":17},"end":{"line":12,"column":49}},{"start":{"line":12,"column":53},"end":{"line":12,"column":58}}]}},"s":{"0":0,"1":0,"2":0,"3":0,"4":0,"5":0,"6":0,"7":0,"8":0,"9":0,"10":0,"11":0,"12":0,"13":0,"14":0,"15":0},"f":{"0":0},"b":{"0":[0,0],"1":[0,0]}}
,"C:\\Users\\Danel\\Desktop\\42i challenge\\task-system\\backend\\src\\common\\filters\\http-exception.filter.ts": {"path":"C:\\Users\\Danel\\Desktop\\42i challenge\\task-system\\backend\\src\\common\\filters\\http-exception.filter.ts","statementMap":{"0":{"start":{"line":1,"column":0},"end":{"line":1,"column":98}},"1":{"start":{"line":5,"column":7},"end":{"line":27,"column":null}},"2":{"start":{"line":7,"column":16},"end":{"line":7,"column":35}},"3":{"start":{"line":8,"column":16},"end":{"line":8,"column":43}},"4":{"start":{"line":9,"column":16},"end":{"line":9,"column":41}},"5":{"start":{"line":11,"column":4},"end":{"line":25,"column":5}},"6":{"start":{"line":12,"column":21},"end":{"line":12,"column":42}},"7":{"start":{"line":13,"column":23},"end":{"line":13,"column":46}},"8":{"start":{"line":14,"column":6},"end":{"line":18,"column":9}},"9":{"start":{"line":20,"column":6},"end":{"line":24,"column":9}},"10":{"start":{"line":5,"column":13},"end":{"line":5,"column":32}},"11":{"start":{"line":5,"column":13},"end":{"line":27,"column":null}}},"fnMap":{"0":{"name":"(anonymous_1)","decl":{"start":{"line":6,"column":2},"end":{"line":6,"column":7}},"loc":{"start":{"line":6,"column":47},"end":{"line":26,"column":3}}}},"branchMap":{"0":{"loc":{"start":{"line":11,"column":4},"end":{"line":25,"column":5}},"type":"if","locations":[{"start":{"line":11,"column":4},"end":{"line":25,"column":5}},{"start":{"line":19,"column":11},"end":{"line":25,"column":5}}]}},"s":{"0":0,"1":0,"2":0,"3":0,"4":0,"5":0,"6":0,"7":0,"8":0,"9":0,"10":0,"11":0},"f":{"0":0},"b":{"0":[0,0]}}
,"C:\\Users\\Danel\\Desktop\\42i challenge\\task-system\\backend\\src\\seed\\seed.service.ts": {"path":"C:\\Users\\Danel\\Desktop\\42i challenge\\task-system\\backend\\src\\seed\\seed.service.ts","statementMap":{"0":{"start":{"line":1,"column":0},"end":{"line":1,"column":37}},"1":{"start":{"line":2,"column":0},"end":{"line":2,"column":40}},"2":{"start":{"line":3,"column":0},"end":{"line":3,"column":53}},"3":{"start":{"line":6,"column":13},"end":{"line":6,"column":38}},"4":{"start":{"line":7,"column":2},"end":{"line":7,"column":24}},"5":{"start":{"line":8,"column":15},"end":{"line":8,"column":37}},"6":{"start":{"line":11,"column":2},"end":{"line":11,"column":21}},"7":{"start":{"line":13,"column":13},"end":{"line":19,"column":4}},"8":{"start":{"line":20,"column":17},"end":{"line":20,"column":36}},"9":{"start":{"line":22,"column":13},"end":{"line":28,"column":4}},"10":{"start":{"line":29,"column":17},"end":{"line":29,"column":36}},"11":{"start":{"line":31,"column":14},"end":{"line":36,"column":4}},"12":{"start":{"line":37,"column":2},"end":{"line":37,"column":23}},"13":{"start":{"line":39,"column":2},"end":{"line":39,"column":27}},"14":{"start":{"line":40,"column":2},"end":{"line":40,"column":21}},"15":{"start":{"line":42,"column":0},"end":{"line":42,"column":59}},"16":{"start":{"line":42,"column":21},"end":{"line":42,"column":38}},"17":{"start":{"line":42,"column":39},"end":{"line":42,"column":55}}},"fnMap":{"0":{"name":"run","decl":{"start":{"line":5,"column":15},"end":{"line":5,"column":18}},"loc":{"start":{"line":5,"column":18},"end":{"line":41,"column":1}}},"1":{"name":"(anonymous_2)","decl":{"start":{"line":42,"column":12},"end":{"line":42,"column":13}},"loc":{"start":{"line":42,"column":18},"end":{"line":42,"column":57}}}},"branchMap":{},"s":{"0":0,"1":0,"2":0,"3":0,"4":0,"5":0,"6":0,"7":0,"8":0,"9":0,"10":0,"11":0,"12":0,"13":0,"14":0,"15":0,"16":0,"17":0},"f":{"0":0,"1":0},"b":{}}
,"C:\\Users\\Danel\\Desktop\\42i challenge\\task-system\\backend\\src\\tasks\\tasks.controller.ts": {"path":"C:\\Users\\Danel\\Desktop\\42i challenge\\task-system\\backend\\src\\tasks\\tasks.controller.ts","statementMap":{"0":{"start":{"line":1,"column":0},"end":{"line":1,"column":88}},"1":{"start":{"line":2,"column":0},"end":{"line":2,"column":47}},"2":{"start":{"line":3,"column":0},"end":{"line":3,"column":54}},"3":{"start":{"line":4,"column":0},"end":{"line":4,"column":54}},"4":{"start":{"line":5,"column":0},"end":{"line":5,"column":52}},"5":{"start":{"line":8,"column":7},"end":{"line":44,"column":null}},"6":{"start":{"line":9,"column":22},"end":{"line":9,"column":31}},"7":{"start":{"line":13,"column":4},"end":{"line":13,"column":36}},"8":{"start":{"line":18,"column":14},"end":{"line":24,"column":6}},"9":{"start":{"line":25,"column":4},"end":{"line":25,"column":35}},"10":{"start":{"line":30,"column":17},"end":{"line":30,"column":47}},"11":{"start":{"line":31,"column":22},"end":{"line":31,"column":59}},"12":{"start":{"line":32,"column":4},"end":{"line":32,"column":34}},"13":{"start":{"line":37,"column":4},"end":{"line":37,"column":40}},"14":{"start":{"line":42,"column":4},"end":{"line":42,"column":35}},"15":{"start":{"line":8,"column":13},"end":{"line":8,"column":28}},"16":{"start":{"line":12,"column":8},"end":{"line":14,"column":null}},"17":{"start":{"line":17,"column":8},"end":{"line":26,"column":null}},"18":{"start":{"line":29,"column":8},"end":{"line":33,"column":null}},"19":{"start":{"line":36,"column":8},"end":{"line":38,"column":null}},"20":{"start":{"line":41,"column":8},"end":{"line":43,"column":null}},"21":{"start":{"line":8,"column":13},"end":{"line":44,"column":null}}},"fnMap":{"0":{"name":"(anonymous_4)","decl":{"start":{"line":9,"column":2},"end":{"line":9,"column":22}},"loc":{"start":{"line":9,"column":43},"end":{"line":9,"column":47}}},"1":{"name":"(anonymous_5)","decl":{"start":{"line":12,"column":8},"end":{"line":12,"column":14}},"loc":{"start":{"line":12,"column":41},"end":{"line":14,"column":3}}},"2":{"name":"(anonymous_6)","decl":{"start":{"line":17,"column":8},"end":{"line":17,"column":15}},"loc":{"start":{"line":17,"column":44},"end":{"line":26,"column":3}}},"3":{"name":"(anonymous_7)","decl":{"start":{"line":29,"column":8},"end":{"line":29,"column":15}},"loc":{"start":{"line":29,"column":39},"end":{"line":33,"column":3}}},"4":{"name":"(anonymous_8)","decl":{"start":{"line":36,"column":8},"end":{"line":36,"column":14}},"loc":{"start":{"line":36,"column":66},"end":{"line":38,"column":3}}},"5":{"name":"(anonymous_9)","decl":{"start":{"line":41,"column":8},"end":{"line":41,"column":14}},"loc":{"start":{"line":41,"column":38},"end":{"line":43,"column":3}}}},"branchMap":{"0":{"loc":{"start":{"line":19,"column":12},"end":{"line":19,"column":35}},"type":"binary-expr","locations":[{"start":{"line":19,"column":12},"end":{"line":19,"column":30}},{"start":{"line":19,"column":34},"end":{"line":19,"column":35}}]},"1":{"loc":{"start":{"line":20,"column":16},"end":{"line":20,"column":44}},"type":"binary-expr","locations":[{"start":{"line":20,"column":16},"end":{"line":20,"column":38}},{"start":{"line":20,"column":42},"end":{"line":20,"column":44}}]},"2":{"loc":{"start":{"line":21,"column":13},"end":{"line":21,"column":40}},"type":"binary-expr","locations":[{"start":{"line":21,"column":13},"end":{"line":21,"column":31}},{"start":{"line":21,"column":35},"end":{"line":21,"column":40}}]},"3":{"loc":{"start":{"line":23,"column":15},"end":{"line":23,"column":44}},"type":"binary-expr","locations":[{"start":{"line":23,"column":15},"end":{"line":23,"column":35}},{"start":{"line":23,"column":39},"end":{"line":23,"column":44}}]},"4":{"loc":{"start":{"line":12,"column":28},"end":{"line":12,"column":null}},"type":"cond-expr","locations":[{"start":{"line":12,"column":41},"end":{"line":12,"column":null}},{"start":{"line":12,"column":41},"end":{"line":12,"column":null}}]},"5":{"loc":{"start":{"line":12,"column":28},"end":{"line":12,"column":41}},"type":"binary-expr","locations":[{"start":{"line":12,"column":28},"end":{"line":12,"column":null}},{"start":{"line":12,"column":28},"end":{"line":12,"column":41}}]},"6":{"loc":{"start":{"line":17,"column":32},"end":{"line":17,"column":null}},"type":"cond-expr","locations":[{"start":{"line":17,"column":44},"end":{"line":17,"column":null}},{"start":{"line":17,"column":44},"end":{"line":17,"column":null}}]},"7":{"loc":{"start":{"line":17,"column":32},"end":{"line":17,"column":44}},"type":"binary-expr","locations":[{"start":{"line":17,"column":32},"end":{"line":17,"column":null}},{"start":{"line":17,"column":32},"end":{"line":17,"column":44}}]},"8":{"loc":{"start":{"line":36,"column":53},"end":{"line":36,"column":null}},"type":"cond-expr","locations":[{"start":{"line":36,"column":66},"end":{"line":36,"column":null}},{"start":{"line":36,"column":66},"end":{"line":36,"column":null}}]},"9":{"loc":{"start":{"line":36,"column":53},"end":{"line":36,"column":66}},"type":"binary-expr","locations":[{"start":{"line":36,"column":53},"end":{"line":36,"column":null}},{"start":{"line":36,"column":53},"end":{"line":36,"column":66}}]},"10":{"loc":{"start":{"line":9,"column":31},"end":{"line":9,"column":46}},"type":"cond-expr","locations":[{"start":{"line":9,"column":43},"end":{"line":9,"column":46}},{"start":{"line":9,"column":43},"end":{"line":9,"column":46}}]},"11":{"loc":{"start":{"line":9,"column":31},"end":{"line":9,"column":43}},"type":"binary-expr","locations":[{"start":{"line":9,"column":31},"end":{"line":9,"column":46}},{"start":{"line":9,"column":31},"end":{"line":9,"column":43}}]}},"s":{"0":0,"1":0,"2":0,"3":0,"4":0,"5":0,"6":0,"7":0,"8":0,"9":0,"10":0,"11":0,"12":0,"13":0,"14":0,"15":0,"16":0,"17":0,"18":0,"19":0,"20":0,"21":0},"f":{"0":0,"1":0,"2":0,"3":0,"4":0,"5":0},"b":{"0":[0,0],"1":[0,0],"2":[0,0],"3":[0,0],"4":[0,0],"5":[0,0],"6":[0,0],"7":[0,0],"8":[0,0],"9":[0,0],"10":[0,0],"11":[0,0]}}
,"C:\\Users\\Danel\\Desktop\\42i challenge\\task-system\\backend\\src\\tasks\\tasks.module.ts": {"path":"C:\\Users\\Danel\\Desktop\\42i challenge\\task-system\\backend\\src\\tasks\\tasks.module.ts","statementMap":{"0":{"start":{"line":1,"column":0},"end":{"line":1,"column":40}},"1":{"start":{"line":2,"column":0},"end":{"line":2,"column":48}},"2":{"start":{"line":3,"column":0},"end":{"line":3,"column":46}},"3":{"start":{"line":4,"column":0},"end":{"line":4,"column":47}},"4":{"start":{"line":5,"column":0},"end":{"line":5,"column":53}},"5":{"start":{"line":12,"column":7},"end":{"line":12,"column":null}},"6":{"start":{"line":12,"column":13},"end":{"line":12,"column":24}},"7":{"start":{"line":12,"column":13},"end":{"line":12,"column":null}}},"fnMap":{},"branchMap":{},"s":{"0":0,"1":0,"2":0,"3":0,"4":0,"5":0,"6":0,"7":0},"f":{},"b":{}}
,"C:\\Users\\Danel\\Desktop\\42i challenge\\task-system\\backend\\src\\tasks\\tasks.service.ts": {"path":"C:\\Users\\Danel\\Desktop\\42i challenge\\task-system\\backend\\src\\tasks\\tasks.service.ts","statementMap":{"0":{"start":{"line":1,"column":0},"end":{"line":1,"column":63}},"1":{"start":{"line":2,"column":0},"end":{"line":2,"column":37}},"2":{"start":{"line":3,"column":0},"end":{"line":3,"column":51}},"3":{"start":{"line":4,"column":0},"end":{"line":4,"column":46}},"4":{"start":{"line":9,"column":7},"end":{"line":147,"column":null}},"5":{"start":{"line":10,"column":46},"end":{"line":10,"column":52}},"6":{"start":{"line":13,"column":17},"end":{"line":20,"column":6}},"7":{"start":{"line":22,"column":18},"end":{"line":22,"column":44}},"8":{"start":{"line":24,"column":4},"end":{"line":31,"column":5}},"9":{"start":{"line":25,"column":6},"end":{"line":27,"column":7}},"10":{"start":{"line":26,"column":8},"end":{"line":26,"column":51}},"11":{"start":{"line":28,"column":20},"end":{"line":28,"column":97}},"12":{"start":{"line":29,"column":6},"end":{"line":29,"column":84}},"13":{"start":{"line":29,"column":18},"end":{"line":29,"column":84}},"14":{"start":{"line":30,"column":6},"end":{"line":30,"column":19}},"15":{"start":{"line":32,"column":4},"end":{"line":32,"column":17}},"16":{"start":{"line":36,"column":15},"end":{"line":36,"column":36}},"17":{"start":{"line":38,"column":2},"end":{"line":40,"column":3}},"18":{"start":{"line":39,"column":4},"end":{"line":39,"column":65}},"19":{"start":{"line":39,"column":43},"end":{"line":39,"column":63}},"20":{"start":{"line":42,"column":2},"end":{"line":42,"column":30}},"21":{"start":{"line":46,"column":17},"end":{"line":46,"column":62}},"22":{"start":{"line":47,"column":21},"end":{"line":47,"column":79}},"23":{"start":{"line":49,"column":15},"end":{"line":49,"column":93}},"24":{"start":{"line":51,"column":4},"end":{"line":53,"column":5}},"25":{"start":{"line":52,"column":6},"end":{"line":52,"column":111}},"26":{"start":{"line":55,"column":4},"end":{"line":61,"column":5}},"27":{"start":{"line":56,"column":6},"end":{"line":60,"column":7}},"28":{"start":{"line":57,"column":8},"end":{"line":57,"column":62}},"29":{"start":{"line":59,"column":8},"end":{"line":59,"column":63}},"30":{"start":{"line":63,"column":4},"end":{"line":63,"column":41}},"31":{"start":{"line":64,"column":4},"end":{"line":64,"column":69}},"32":{"start":{"line":66,"column":18},"end":{"line":66,"column":37}},"33":{"start":{"line":67,"column":18},"end":{"line":67,"column":79}},"34":{"start":{"line":69,"column":33},"end":{"line":69,"column":35}},"35":{"start":{"line":70,"column":4},"end":{"line":73,"column":5}},"36":{"start":{"line":71,"column":19},"end":{"line":71,"column":43}},"37":{"start":{"line":72,"column":6},"end":{"line":72,"column":30}},"38":{"start":{"line":75,"column":4},"end":{"line":75,"column":57}},"39":{"start":{"line":79,"column":17},"end":{"line":79,"column":106}},"40":{"start":{"line":80,"column":4},"end":{"line":80,"column":75}},"41":{"start":{"line":80,"column":15},"end":{"line":80,"column":75}},"42":{"start":{"line":82,"column":21},"end":{"line":89,"column":5}},"43":{"start":{"line":83,"column":19},"end":{"line":83,"column":95}},"44":{"start":{"line":84,"column":6},"end":{"line":84,"column":82}},"45":{"start":{"line":84,"column":17},"end":{"line":84,"column":82}},"46":{"start":{"line":85,"column":6},"end":{"line":87,"column":7}},"47":{"start":{"line":86,"column":8},"end":{"line":86,"column":71}},"48":{"start":{"line":88,"column":6},"end":{"line":88,"column":18}},"49":{"start":{"line":91,"column":4},"end":{"line":91,"column":26}},"50":{"start":{"line":95,"column":15},"end":{"line":98,"column":4}},"51":{"start":{"line":100,"column":2},"end":{"line":100,"column":59}},"52":{"start":{"line":100,"column":13},"end":{"line":100,"column":59}},"53":{"start":{"line":102,"column":4},"end":{"line":108,"column":7}},"54":{"start":{"line":110,"column":4},"end":{"line":110,"column":31}},"55":{"start":{"line":112,"column":4},"end":{"line":119,"column":5}},"56":{"start":{"line":113,"column":22},"end":{"line":113,"column":82}},"57":{"start":{"line":114,"column":6},"end":{"line":114,"column":57}},"58":{"start":{"line":114,"column":31},"end":{"line":114,"column":57}},"59":{"start":{"line":115,"column":6},"end":{"line":115,"column":67}},"60":{"start":{"line":115,"column":45},"end":{"line":115,"column":65}},"61":{"start":{"line":116,"column":6},"end":{"line":118,"column":7}},"62":{"start":{"line":117,"column":8},"end":{"line":117,"column":48}},"63":{"start":{"line":121,"column":4},"end":{"line":121,"column":33}},"64":{"start":{"line":125,"column":14},"end":{"line":125,"column":56}},"65":{"start":{"line":126,"column":4},"end":{"line":126,"column":72}},"66":{"start":{"line":126,"column":12},"end":{"line":126,"column":72}},"67":{"start":{"line":127,"column":4},"end":{"line":127,"column":30}},"68":{"start":{"line":128,"column":4},"end":{"line":128,"column":29}},"69":{"start":{"line":132,"column":18},"end":{"line":132,"column":19}},"70":{"start":{"line":133,"column":19},"end":{"line":133,"column":20}},"71":{"start":{"line":134,"column":14},"end":{"line":134,"column":15}},"72":{"start":{"line":136,"column":16},"end":{"line":142,"column":5}},"73":{"start":{"line":137,"column":18},"end":{"line":137,"column":33}},"74":{"start":{"line":138,"column":6},"end":{"line":138,"column":19}},"75":{"start":{"line":139,"column":6},"end":{"line":139,"column":77}},"76":{"start":{"line":139,"column":62},"end":{"line":139,"column":77}},"77":{"start":{"line":140,"column":6},"end":{"line":140,"column":52}},"78":{"start":{"line":140,"column":34},"end":{"line":140,"column":52}},"79":{"start":{"line":141,"column":6},"end":{"line":141,"column":67}},"80":{"start":{"line":141,"column":43},"end":{"line":141,"column":67}},"81":{"start":{"line":144,"column":4},"end":{"line":144,"column":14}},"82":{"start":{"line":145,"column":4},"end":{"line":145,"column":42}},"83":{"start":{"line":9,"column":13},"end":{"line":9,"column":25}},"84":{"start":{"line":9,"column":13},"end":{"line":147,"column":null}}},"fnMap":{"0":{"name":"(anonymous_4)","decl":{"start":{"line":10,"column":2},"end":{"line":10,"column":15}},"loc":{"start":{"line":10,"column":68},"end":{"line":10,"column":72}}},"1":{"name":"(anonymous_5)","decl":{"start":{"line":12,"column":10},"end":{"line":12,"column":15}},"loc":{"start":{"line":12,"column":69},"end":{"line":33,"column":3}}},"2":{"name":"(anonymous_6)","decl":{"start":{"line":35,"column":2},"end":{"line":35,"column":7}},"loc":{"start":{"line":35,"column":33},"end":{"line":43,"column":1}}},"3":{"name":"(anonymous_7)","decl":{"start":{"line":39,"column":37},"end":{"line":39,"column":39}},"loc":{"start":{"line":39,"column":43},"end":{"line":39,"column":63}}},"4":{"name":"(anonymous_8)","decl":{"start":{"line":45,"column":2},"end":{"line":45,"column":7}},"loc":{"start":{"line":45,"column":141},"end":{"line":76,"column":3}}},"5":{"name":"(anonymous_9)","decl":{"start":{"line":78,"column":2},"end":{"line":78,"column":7}},"loc":{"start":{"line":78,"column":26},"end":{"line":92,"column":3}}},"6":{"name":"(anonymous_10)","decl":{"start":{"line":82,"column":21},"end":{"line":82,"column":26}},"loc":{"start":{"line":82,"column":57},"end":{"line":89,"column":5}}},"7":{"name":"(anonymous_11)","decl":{"start":{"line":94,"column":2},"end":{"line":94,"column":7}},"loc":{"start":{"line":94,"column":45},"end":{"line":122,"column":3}}},"8":{"name":"(anonymous_12)","decl":{"start":{"line":115,"column":39},"end":{"line":115,"column":41}},"loc":{"start":{"line":115,"column":45},"end":{"line":115,"column":65}}},"9":{"name":"(anonymous_13)","decl":{"start":{"line":124,"column":2},"end":{"line":124,"column":7}},"loc":{"start":{"line":124,"column":25},"end":{"line":129,"column":3}}},"10":{"name":"(anonymous_14)","decl":{"start":{"line":131,"column":2},"end":{"line":131,"column":20}},"loc":{"start":{"line":131,"column":31},"end":{"line":146,"column":3}}},"11":{"name":"(anonymous_15)","decl":{"start":{"line":136,"column":16},"end":{"line":136,"column":17}},"loc":{"start":{"line":136,"column":28},"end":{"line":142,"column":5}}}},"branchMap":{"0":{"loc":{"start":{"line":16,"column":14},"end":{"line":16,"column":37}},"type":"binary-expr","locations":[{"start":{"line":16,"column":14},"end":{"line":16,"column":24}},{"start":{"line":16,"column":28},"end":{"line":16,"column":37}}]},"1":{"loc":{"start":{"line":24,"column":4},"end":{"line":31,"column":5}},"type":"if","locations":[{"start":{"line":24,"column":4},"end":{"line":31,"column":5}},{"start":{},"end":{}}]},"2":{"loc":{"start":{"line":24,"column":8},"end":{"line":24,"column":43}},"type":"binary-expr","locations":[{"start":{"line":24,"column":8},"end":{"line":24,"column":20}},{"start":{"line":24,"column":24},"end":{"line":24,"column":43}}]},"3":{"loc":{"start":{"line":29,"column":6},"end":{"line":29,"column":84}},"type":"if","locations":[{"start":{"line":29,"column":6},"end":{"line":29,"column":84}},{"start":{},"end":{}}]},"4":{"loc":{"start":{"line":38,"column":2},"end":{"line":40,"column":3}},"type":"if","locations":[{"start":{"line":38,"column":2},"end":{"line":40,"column":3}},{"start":{},"end":{}}]},"5":{"loc":{"start":{"line":38,"column":6},"end":{"line":38,"column":45}},"type":"binary-expr","locations":[{"start":{"line":38,"column":6},"end":{"line":38,"column":18}},{"start":{"line":38,"column":22},"end":{"line":38,"column":45}}]},"6":{"loc":{"start":{"line":46,"column":17},"end":{"line":46,"column":62}},"type":"cond-expr","locations":[{"start":{"line":46,"column":48},"end":{"line":46,"column":58}},{"start":{"line":46,"column":61},"end":{"line":46,"column":62}}]},"7":{"loc":{"start":{"line":46,"column":17},"end":{"line":46,"column":45}},"type":"binary-expr","locations":[{"start":{"line":46,"column":17},"end":{"line":46,"column":27}},{"start":{"line":46,"column":31},"end":{"line":46,"column":45}}]},"8":{"loc":{"start":{"line":47,"column":21},"end":{"line":47,"column":79}},"type":"cond-expr","locations":[{"start":{"line":47,"column":60},"end":{"line":47,"column":74}},{"start":{"line":47,"column":77},"end":{"line":47,"column":79}}]},"9":{"loc":{"start":{"line":47,"column":21},"end":{"line":47,"column":57}},"type":"binary-expr","locations":[{"start":{"line":47,"column":21},"end":{"line":47,"column":35}},{"start":{"line":47,"column":39},"end":{"line":47,"column":57}}]},"10":{"loc":{"start":{"line":51,"column":4},"end":{"line":53,"column":5}},"type":"if","locations":[{"start":{"line":51,"column":4},"end":{"line":53,"column":5}},{"start":{},"end":{}}]},"11":{"loc":{"start":{"line":55,"column":4},"end":{"line":61,"column":5}},"type":"if","locations":[{"start":{"line":55,"column":4},"end":{"line":61,"column":5}},{"start":{},"end":{}}]},"12":{"loc":{"start":{"line":55,"column":8},"end":{"line":55,"column":46}},"type":"binary-expr","locations":[{"start":{"line":55,"column":8},"end":{"line":55,"column":20}},{"start":{"line":55,"column":24},"end":{"line":55,"column":46}}]},"13":{"loc":{"start":{"line":56,"column":6},"end":{"line":60,"column":7}},"type":"if","locations":[{"start":{"line":56,"column":6},"end":{"line":60,"column":7}},{"start":{"line":58,"column":13},"end":{"line":60,"column":7}}]},"14":{"loc":{"start":{"line":64,"column":29},"end":{"line":64,"column":67}},"type":"cond-expr","locations":[{"start":{"line":64,"column":53},"end":{"line":64,"column":59}},{"start":{"line":64,"column":62},"end":{"line":64,"column":67}}]},"15":{"loc":{"start":{"line":80,"column":4},"end":{"line":80,"column":75}},"type":"if","locations":[{"start":{"line":80,"column":4},"end":{"line":80,"column":75}},{"start":{},"end":{}}]},"16":{"loc":{"start":{"line":84,"column":6},"end":{"line":84,"column":82}},"type":"if","locations":[{"start":{"line":84,"column":6},"end":{"line":84,"column":82}},{"start":{},"end":{}}]},"17":{"loc":{"start":{"line":85,"column":6},"end":{"line":87,"column":7}},"type":"if","locations":[{"start":{"line":85,"column":6},"end":{"line":87,"column":7}},{"start":{},"end":{}}]},"18":{"loc":{"start":{"line":85,"column":10},"end":{"line":85,"column":47}},"type":"binary-expr","locations":[{"start":{"line":85,"column":10},"end":{"line":85,"column":23}},{"start":{"line":85,"column":27},"end":{"line":85,"column":47}}]},"19":{"loc":{"start":{"line":100,"column":2},"end":{"line":100,"column":59}},"type":"if","locations":[{"start":{"line":100,"column":2},"end":{"line":100,"column":59}},{"start":{},"end":{}}]},"20":{"loc":{"start":{"line":103,"column":13},"end":{"line":103,"column":36}},"type":"binary-expr","locations":[{"start":{"line":103,"column":13},"end":{"line":103,"column":22}},{"start":{"line":103,"column":26},"end":{"line":103,"column":36}}]},"21":{"loc":{"start":{"line":104,"column":19},"end":{"line":104,"column":54}},"type":"binary-expr","locations":[{"start":{"line":104,"column":19},"end":{"line":104,"column":34}},{"start":{"line":104,"column":38},"end":{"line":104,"column":54}}]},"22":{"loc":{"start":{"line":105,"column":14},"end":{"line":105,"column":39}},"type":"binary-expr","locations":[{"start":{"line":105,"column":14},"end":{"line":105,"column":24}},{"start":{"line":105,"column":28},"end":{"line":105,"column":39}}]},"23":{"loc":{"start":{"line":106,"column":16},"end":{"line":106,"column":45}},"type":"binary-expr","locations":[{"start":{"line":106,"column":16},"end":{"line":106,"column":28}},{"start":{"line":106,"column":32},"end":{"line":106,"column":45}}]},"24":{"loc":{"start":{"line":107,"column":16},"end":{"line":107,"column":45}},"type":"binary-expr","locations":[{"start":{"line":107,"column":16},"end":{"line":107,"column":28}},{"start":{"line":107,"column":32},"end":{"line":107,"column":45}}]},"25":{"loc":{"start":{"line":112,"column":4},"end":{"line":119,"column":5}},"type":"if","locations":[{"start":{"line":112,"column":4},"end":{"line":119,"column":5}},{"start":{},"end":{}}]},"26":{"loc":{"start":{"line":126,"column":4},"end":{"line":126,"column":72}},"type":"if","locations":[{"start":{"line":126,"column":4},"end":{"line":126,"column":72}},{"start":{},"end":{}}]},"27":{"loc":{"start":{"line":137,"column":18},"end":{"line":137,"column":33}},"type":"binary-expr","locations":[{"start":{"line":137,"column":18},"end":{"line":137,"column":28}},{"start":{"line":137,"column":32},"end":{"line":137,"column":33}}]},"28":{"loc":{"start":{"line":139,"column":6},"end":{"line":139,"column":77}},"type":"if","locations":[{"start":{"line":139,"column":6},"end":{"line":139,"column":77}},{"start":{},"end":{}}]},"29":{"loc":{"start":{"line":139,"column":10},"end":{"line":139,"column":60}},"type":"binary-expr","locations":[{"start":{"line":139,"column":10},"end":{"line":139,"column":32}},{"start":{"line":139,"column":36},"end":{"line":139,"column":60}}]},"30":{"loc":{"start":{"line":140,"column":6},"end":{"line":140,"column":52}},"type":"if","locations":[{"start":{"line":140,"column":6},"end":{"line":140,"column":52}},{"start":{},"end":{}}]},"31":{"loc":{"start":{"line":141,"column":6},"end":{"line":141,"column":67}},"type":"if","locations":[{"start":{"line":141,"column":6},"end":{"line":141,"column":67}},{"start":{},"end":{}}]},"32":{"loc":{"start":{"line":141,"column":10},"end":{"line":141,"column":41}},"type":"binary-expr","locations":[{"start":{"line":141,"column":10},"end":{"line":141,"column":20}},{"start":{"line":141,"column":24},"end":{"line":141,"column":41}}]},"33":{"loc":{"start":{"line":10,"column":52},"end":{"line":10,"column":68}},"type":"cond-expr","locations":[{"start":{"line":10,"column":62},"end":{"line":10,"column":68}},{"start":{"line":10,"column":62},"end":{"line":10,"column":68}}]},"34":{"loc":{"start":{"line":10,"column":52},"end":{"line":10,"column":62}},"type":"binary-expr","locations":[{"start":{"line":10,"column":52},"end":{"line":10,"column":68}},{"start":{"line":10,"column":52},"end":{"line":10,"column":62}}]}},"s":{"0":1,"1":1,"2":1,"3":1,"4":1,"5":5,"6":0,"7":0,"8":0,"9":0,"10":0,"11":0,"12":0,"13":0,"14":0,"15":0,"16":1,"17":1,"18":0,"19":0,"20":1,"21":1,"22":1,"23":1,"24":1,"25":0,"26":1,"27":0,"28":0,"29":0,"30":1,"31":1,"32":1,"33":1,"34":1,"35":1,"36":2,"37":2,"38":1,"39":1,"40":1,"41":0,"42":1,"43":1,"44":1,"45":0,"46":1,"47":0,"48":1,"49":1,"50":0,"51":0,"52":0,"53":0,"54":0,"55":0,"56":0,"57":0,"58":0,"59":0,"60":0,"61":0,"62":0,"63":0,"64":1,"65":1,"66":0,"67":1,"68":1,"69":1,"70":1,"71":1,"72":1,"73":4,"74":4,"75":4,"76":3,"77":4,"78":1,"79":4,"80":2,"81":1,"82":1,"83":1,"84":1},"f":{"0":5,"1":0,"2":1,"3":0,"4":1,"5":1,"6":1,"7":0,"8":0,"9":1,"10":1,"11":4},"b":{"0":[0,0],"1":[0,0],"2":[0,0],"3":[0,0],"4":[0,1],"5":[1,0],"6":[0,1],"7":[1,0],"8":[0,1],"9":[1,0],"10":[0,1],"11":[0,1],"12":[1,0],"13":[0,0],"14":[0,1],"15":[0,1],"16":[0,1],"17":[0,1],"18":[1,1],"19":[0,0],"20":[0,0],"21":[0,0],"22":[0,0],"23":[0,0],"24":[0,0],"25":[0,0],"26":[0,1],"27":[4,0],"28":[3,1],"29":[4,2],"30":[1,3],"31":[2,2],"32":[4,4],"33":[1,0],"34":[1,1]}}
,"C:\\Users\\Danel\\Desktop\\42i challenge\\task-system\\backend\\src\\tasks\\dto\\create-task.dto.ts": {"path":"C:\\Users\\Danel\\Desktop\\42i challenge\\task-system\\backend\\src\\tasks\\dto\\create-task.dto.ts","statementMap":{"0":{"start":{"line":1,"column":0},"end":{"line":1,"column":101}},"1":{"start":{"line":2,"column":0},"end":{"line":2,"column":41}},"2":{"start":{"line":6,"column":0},"end":{"line":6,"column":13}},"3":{"start":{"line":8,"column":2},"end":{"line":8,"column":null}},"4":{"start":{"line":12,"column":2},"end":{"line":12,"column":null}},"5":{"start":{"line":16,"column":2},"end":{"line":16,"column":null}},"6":{"start":{"line":20,"column":2},"end":{"line":20,"column":null}},"7":{"start":{"line":25,"column":2},"end":{"line":25,"column":null}},"8":{"start":{"line":31,"column":2},"end":{"line":31,"column":null}},"9":{"start":{"line":30,"column":14},"end":{"line":30,"column":27}}},"fnMap":{"0":{"name":"(anonymous_2)","decl":{"start":{"line":30,"column":8},"end":{"line":30,"column":11}},"loc":{"start":{"line":30,"column":14},"end":{"line":30,"column":27}}}},"branchMap":{},"s":{"0":0,"1":0,"2":0,"3":0,"4":0,"5":0,"6":0,"7":0,"8":0,"9":0},"f":{"0":0},"b":{}}
,"C:\\Users\\Danel\\Desktop\\42i challenge\\task-system\\backend\\src\\tasks\\dto\\list-tasks.dto.ts": {"path":"C:\\Users\\Danel\\Desktop\\42i challenge\\task-system\\backend\\src\\tasks\\dto\\list-tasks.dto.ts","statementMap":{"0":{"start":{"line":1,"column":0},"end":{"line":1,"column":67}},"1":{"start":{"line":3,"column":0},"end":{"line":3,"column":13}},"2":{"start":{"line":5,"column":2},"end":{"line":5,"column":null}},"3":{"start":{"line":8,"column":2},"end":{"line":8,"column":null}},"4":{"start":{"line":11,"column":2},"end":{"line":11,"column":null}},"5":{"start":{"line":14,"column":2},"end":{"line":14,"column":null}},"6":{"start":{"line":18,"column":2},"end":{"line":18,"column":null}}},"fnMap":{},"branchMap":{},"s":{"0":0,"1":0,"2":0,"3":0,"4":0,"5":0,"6":0},"f":{},"b":{}}
,"C:\\Users\\Danel\\Desktop\\42i challenge\\task-system\\backend\\src\\tasks\\dto\\update-task.dto.ts": {"path":"C:\\Users\\Danel\\Desktop\\42i challenge\\task-system\\backend\\src\\tasks\\dto\\update-task.dto.ts","statementMap":{"0":{"start":{"line":1,"column":0},"end":{"line":1,"column":101}},"1":{"start":{"line":2,"column":0},"end":{"line":2,"column":41}},"2":{"start":{"line":4,"column":0},"end":{"line":4,"column":50}},"3":{"start":{"line":6,"column":0},"end":{"line":6,"column":13}},"4":{"start":{"line":9,"column":2},"end":{"line":9,"column":null}},"5":{"start":{"line":13,"column":2},"end":{"line":13,"column":null}},"6":{"start":{"line":17,"column":2},"end":{"line":17,"column":null}},"7":{"start":{"line":21,"column":2},"end":{"line":21,"column":null}},"8":{"start":{"line":26,"column":2},"end":{"line":26,"column":null}},"9":{"start":{"line":32,"column":2},"end":{"line":32,"column":null}},"10":{"start":{"line":31,"column":14},"end":{"line":31,"column":27}}},"fnMap":{"0":{"name":"(anonymous_2)","decl":{"start":{"line":31,"column":8},"end":{"line":31,"column":11}},"loc":{"start":{"line":31,"column":14},"end":{"line":31,"column":27}}}},"branchMap":{},"s":{"0":0,"1":0,"2":0,"3":0,"4":0,"5":0,"6":0,"7":0,"8":0,"9":0,"10":0},"f":{"0":0},"b":{}}
,"C:\\Users\\Danel\\Desktop\\42i challenge\\task-system\\backend\\src\\tasks\\entities\\task.entity.ts": {"path":"C:\\Users\\Danel\\Desktop\\42i challenge\\task-system\\backend\\src\\tasks\\entities\\task.entity.ts","statementMap":{"0":{"start":{"line":1,"column":0},"end":{"line":1,"column":null}},"1":{"start":{"line":15,"column":7},"end":{"line":45,"column":null}},"2":{"start":{"line":15,"column":13},"end":{"line":15,"column":17}},"3":{"start":{"line":17,"column":2},"end":{"line":17,"column":null}},"4":{"start":{"line":20,"column":2},"end":{"line":20,"column":null}},"5":{"start":{"line":23,"column":2},"end":{"line":23,"column":null}},"6":{"start":{"line":26,"column":2},"end":{"line":26,"column":null}},"7":{"start":{"line":29,"column":2},"end":{"line":29,"column":null}},"8":{"start":{"line":32,"column":2},"end":{"line":32,"column":null}},"9":{"start":{"line":35,"column":2},"end":{"line":35,"column":null}},"10":{"start":{"line":34,"column":19},"end":{"line":34,"column":23}},"11":{"start":{"line":34,"column":35},"end":{"line":34,"column":48}},"12":{"start":{"line":38,"column":2},"end":{"line":38,"column":null}},"13":{"start":{"line":37,"column":19},"end":{"line":37,"column":23}},"14":{"start":{"line":37,"column":35},"end":{"line":37,"column":46}},"15":{"start":{"line":41,"column":2},"end":{"line":41,"column":null}},"16":{"start":{"line":44,"column":2},"end":{"line":44,"column":null}},"17":{"start":{"line":15,"column":13},"end":{"line":45,"column":null}}},"fnMap":{"0":{"name":"(anonymous_2)","decl":{"start":{"line":34,"column":13},"end":{"line":34,"column":16}},"loc":{"start":{"line":34,"column":19},"end":{"line":34,"column":23}}},"1":{"name":"(anonymous_3)","decl":{"start":{"line":34,"column":25},"end":{"line":34,"column":26}},"loc":{"start":{"line":34,"column":35},"end":{"line":34,"column":48}}},"2":{"name":"(anonymous_4)","decl":{"start":{"line":37,"column":13},"end":{"line":37,"column":16}},"loc":{"start":{"line":37,"column":19},"end":{"line":37,"column":23}}},"3":{"name":"(anonymous_5)","decl":{"start":{"line":37,"column":25},"end":{"line":37,"column":26}},"loc":{"start":{"line":37,"column":35},"end":{"line":37,"column":46}}}},"branchMap":{"0":{"loc":{"start":{"line":41,"column":13},"end":{"line":41,"column":18}},"type":"cond-expr","locations":[{"start":{"line":41,"column":17},"end":{"line":41,"column":18}},{"start":{"line":41,"column":17},"end":{"line":41,"column":18}}]},"1":{"loc":{"start":{"line":41,"column":13},"end":{"line":41,"column":17}},"type":"binary-expr","locations":[{"start":{"line":41,"column":13},"end":{"line":41,"column":18}},{"start":{"line":41,"column":13},"end":{"line":41,"column":17}}]},"2":{"loc":{"start":{"line":44,"column":13},"end":{"line":44,"column":18}},"type":"cond-expr","locations":[{"start":{"line":44,"column":17},"end":{"line":44,"column":18}},{"start":{"line":44,"column":17},"end":{"line":44,"column":18}}]},"3":{"loc":{"start":{"line":44,"column":13},"end":{"line":44,"column":17}},"type":"binary-expr","locations":[{"start":{"line":44,"column":13},"end":{"line":44,"column":18}},{"start":{"line":44,"column":13},"end":{"line":44,"column":17}}]}},"s":{"0":1,"1":1,"2":1,"3":1,"4":1,"5":1,"6":1,"7":1,"8":1,"9":1,"10":0,"11":0,"12":1,"13":0,"14":0,"15":1,"16":1,"17":1},"f":{"0":0,"1":0,"2":0,"3":0},"b":{"0":[1,0],"1":[1,1],"2":[1,0],"3":[1,1]}}
}
